\BOOKMARK [0][-]{chapter.1}{Introduction}{}% 1
\BOOKMARK [1][-]{section.1.1}{Purpose}{chapter.1}% 2
\BOOKMARK [1][-]{section.1.2}{Scope}{chapter.1}% 3
\BOOKMARK [1][-]{section.1.3}{Definitions, acronyms and abbreviations}{chapter.1}% 4
\BOOKMARK [1][-]{section.1.4}{References}{chapter.1}% 5
\BOOKMARK [1][-]{section.1.5}{Overview}{chapter.1}% 6
\BOOKMARK [0][-]{chapter.2}{Overall description}{}% 7
\BOOKMARK [1][-]{section.2.1}{Product perspective}{chapter.2}% 8
\BOOKMARK [2][-]{subsection.2.1.1}{User interfaces}{section.2.1}% 9
\BOOKMARK [2][-]{subsection.2.1.2}{Hardware interfaces}{section.2.1}% 10
\BOOKMARK [2][-]{subsection.2.1.3}{Software interfaces}{section.2.1}% 11
\BOOKMARK [2][-]{subsection.2.1.4}{Communication interfaces}{section.2.1}% 12
\BOOKMARK [2][-]{subsection.2.1.5}{System interfaces}{section.2.1}% 13
\BOOKMARK [2][-]{subsection.2.1.6}{Memory Constraints}{section.2.1}% 14
\BOOKMARK [2][-]{subsection.2.1.7}{Site adaption requirements}{section.2.1}% 15
\BOOKMARK [1][-]{section.2.2}{Product functions}{chapter.2}% 16
\BOOKMARK [2][-]{subsection.2.2.1}{Administration}{section.2.2}% 17
\BOOKMARK [2][-]{subsection.2.2.2}{Schedule}{section.2.2}% 18
\BOOKMARK [2][-]{subsection.2.2.3}{Forum}{section.2.2}% 19
\BOOKMARK [2][-]{subsection.2.2.4}{Books}{section.2.2}% 20
\BOOKMARK [2][-]{subsection.2.2.5}{Photoalbum}{section.2.2}% 21
\BOOKMARK [2][-]{subsection.2.2.6}{Use Case Descriptions}{section.2.2}% 22
\BOOKMARK [1][-]{section.2.3}{User characteristics}{chapter.2}% 23
\BOOKMARK [1][-]{section.2.4}{Constraints}{chapter.2}% 24
\BOOKMARK [1][-]{section.2.5}{Assumptions \046 Dependencies}{chapter.2}% 25
\BOOKMARK [2][-]{subsection.2.5.1}{Assumptions}{section.2.5}% 26
\BOOKMARK [2][-]{subsection.2.5.2}{Dependencies}{section.2.5}% 27
\BOOKMARK [0][-]{chapter.3}{Specific Requirements}{}% 28
\BOOKMARK [1][-]{section.3.1}{External interface requirements}{chapter.3}% 29
\BOOKMARK [1][-]{section.3.2}{Functions}{chapter.3}% 30
\BOOKMARK [1][-]{section.3.3}{Performance requirements}{chapter.3}% 31
\BOOKMARK [1][-]{section.3.4}{Logical database requirements}{chapter.3}% 32
\BOOKMARK [1][-]{section.3.5}{Design Constraints}{chapter.3}% 33
